                         Chronologic VCS (TM)
      Version W-2024.09-SP2-5_Full64 -- Mon May  4 00:33:51 2026

                    Copyright (c) 1991 - 2025 Synopsys, Inc.
   This software and the associated documentation are proprietary to Synopsys,
 Inc. This software may only be used in accordance with the terms and conditions
 of a written license agreement with Synopsys, Inc. All other use, reproduction,
   or distribution of this software is strictly prohibited.  Licensed Products
     communicate with Synopsys servers for the purpose of providing software
    updates, detecting software piracy and verifying that customers are using
    Licensed Products in conformity with the applicable License Key for such
  Licensed Products. Synopsys will use information gathered in connection with
    this process to deliver software updates and pursue software pirates and
                                   infringers.

 Inclusivity & Diversity - Visit SolvNetPlus to read the "Synopsys Statement on
            Inclusivity and Diversity" (Refer to article 000036315 at
                        https://solvnetplus.synopsys.com)

Parsing design file 'timescale.v'
Parsing design file '../rtl/openMSP430_defines.v'
Parsing design file '../rtl/openMSP430.v'
Parsing design file '../rtl/omsp_frontend.v'
Parsing design file '../rtl/omsp_execution_unit.v'
Parsing design file '../rtl/omsp_register_file.v'
Parsing design file '../rtl/omsp_alu.v'
Parsing design file '../rtl/omsp_sfr.v'
Parsing design file '../rtl/omsp_clock_module.v'
Parsing design file '../rtl/omsp_mem_backbone.v'
Parsing design file '../rtl/omsp_watchdog.v'
Parsing design file '../rtl/omsp_dbg.v'
Parsing design file '../rtl/omsp_dbg_uart.v'
Parsing design file '../rtl/omsp_dbg_i2c.v'
Parsing design file '../rtl/omsp_dbg_hwbrk.v'
Parsing design file '../rtl/omsp_multiplier.v'
Parsing design file '../rtl/omsp_sync_reset.v'
Parsing design file '../rtl/omsp_sync_cell.v'
Parsing design file '../rtl/omsp_scan_mux.v'
Parsing design file '../rtl/omsp_and_gate.v'
Parsing design file '../rtl/omsp_wakeup_cell.v'
Parsing design file '../rtl/omsp_clock_gate.v'
Parsing design file '../rtl/omsp_clock_mux.v'
Parsing design file 'ram.v'
Parsing design file 'tb_openmsp430_minimal.v'
Top Level Modules:
       omsp_dbg_i2c
       omsp_dbg_hwbrk
       omsp_scan_mux
       omsp_and_gate
       omsp_wakeup_cell
       omsp_clock_gate
       omsp_clock_mux
       tb_openmsp430_minimal
TimeScale is 1 ns / 100 ps
Starting vcs inline pass...
12 modules and 0 UDP read.
	However, due to incremental compilation, no re-compilation is necessary.
make[1]: Entering directory '/home/cegrad/xhuan230/cs220/midterm-team-5/sim/csrc'
make[1]: Leaving directory '/home/cegrad/xhuan230/cs220/midterm-team-5/sim/csrc'
make[1]: Entering directory '/home/cegrad/xhuan230/cs220/midterm-team-5/sim/csrc'
rm -f _cuarc*.so _csrc*.so pre_vcsobj_*.so share_vcsobj_*.so
if [ -x ../simv ]; then chmod a-x ../simv; fi
g++  -o ../simv      -rdynamic  -Wl,-rpath='$ORIGIN'/simv.daidir -Wl,-rpath=./simv.daidir -Wl,-rpath=/usr/local/synopsys/vcs/W-2024.09-SP2-5/linux64/lib -L/usr/local/synopsys/vcs/W-2024.09-SP2-5/linux64/lib  -Wl,-rpath-link=./  /usr/lib64/libnuma.so.1   objs/amcQw_d.o   _2061560_archive_1.so _prev_archive_1.so   SIM_l.o      rmapats_mop.o rmapats.o rmar.o rmar_nd.o  rmar_llvm_0_1.o rmar_llvm_0_0.o            -lvirsim -lerrorinf -lsnpsmalloc -lvfs    -lvcsnew -ldistsimclient -lsimprofile -luclinative /usr/local/synopsys/vcs/W-2024.09-SP2-5/linux64/lib/vcs_tls.o   -Wl,-whole-archive  -lvcsucli    -Wl,-no-whole-archive          /usr/local/synopsys/vcs/W-2024.09-SP2-5/linux64/lib/vcs_save_restore_new.o -ldl  -lc -lm -lpthread -ldl 
../simv up to date
make[1]: Leaving directory '/home/cegrad/xhuan230/cs220/midterm-team-5/sim/csrc'
CPU time: .800 seconds to compile + .432 seconds to elab + .314 seconds to link
