/home/cegrad/xhuan230/cs220/midterm-team-5/rtl/omsp_timerA.v:369:omsp_sync_cell sync_cell_taclk (
/home/cegrad/xhuan230/cs220/midterm-team-5/rtl/omsp_timerA.v:376:omsp_sync_cell sync_cell_inclk (
/home/cegrad/xhuan230/cs220/midterm-team-5/rtl/omsp_timerA.v:479:omsp_sync_cell sync_cell_cci0 (
/home/cegrad/xhuan230/cs220/midterm-team-5/rtl/omsp_timerA.v:485:omsp_sync_cell sync_cell_cci1 (
/home/cegrad/xhuan230/cs220/midterm-team-5/rtl/omsp_timerA.v:491:omsp_sync_cell sync_cell_cci2 (
/home/cegrad/xhuan230/cs220/midterm-team-5/rtl/omsp_gpio.v:281:omsp_sync_cell sync_cell_p1in_0 (.data_out(p1in[0]), .data_in(p1_din[0] & P1_EN[0]), .clk(mclk), .rst(puc_rst));
/home/cegrad/xhuan230/cs220/midterm-team-5/rtl/omsp_gpio.v:282:omsp_sync_cell sync_cell_p1in_1 (.data_out(p1in[1]), .data_in(p1_din[1] & P1_EN[0]), .clk(mclk), .rst(puc_rst));
/home/cegrad/xhuan230/cs220/midterm-team-5/rtl/omsp_gpio.v:283:omsp_sync_cell sync_cell_p1in_2 (.data_out(p1in[2]), .data_in(p1_din[2] & P1_EN[0]), .clk(mclk), .rst(puc_rst));
/home/cegrad/xhuan230/cs220/midterm-team-5/rtl/omsp_gpio.v:284:omsp_sync_cell sync_cell_p1in_3 (.data_out(p1in[3]), .data_in(p1_din[3] & P1_EN[0]), .clk(mclk), .rst(puc_rst));
/home/cegrad/xhuan230/cs220/midterm-team-5/rtl/omsp_gpio.v:285:omsp_sync_cell sync_cell_p1in_4 (.data_out(p1in[4]), .data_in(p1_din[4] & P1_EN[0]), .clk(mclk), .rst(puc_rst));
/home/cegrad/xhuan230/cs220/midterm-team-5/rtl/omsp_gpio.v:286:omsp_sync_cell sync_cell_p1in_5 (.data_out(p1in[5]), .data_in(p1_din[5] & P1_EN[0]), .clk(mclk), .rst(puc_rst));
/home/cegrad/xhuan230/cs220/midterm-team-5/rtl/omsp_gpio.v:287:omsp_sync_cell sync_cell_p1in_6 (.data_out(p1in[6]), .data_in(p1_din[6] & P1_EN[0]), .clk(mclk), .rst(puc_rst));
/home/cegrad/xhuan230/cs220/midterm-team-5/rtl/omsp_gpio.v:288:omsp_sync_cell sync_cell_p1in_7 (.data_out(p1in[7]), .data_in(p1_din[7] & P1_EN[0]), .clk(mclk), .rst(puc_rst));
/home/cegrad/xhuan230/cs220/midterm-team-5/rtl/omsp_gpio.v:374:omsp_sync_cell sync_cell_p2in_0 (.data_out(p2in[0]), .data_in(p2_din[0] & P2_EN[0]), .clk(mclk), .rst(puc_rst));
/home/cegrad/xhuan230/cs220/midterm-team-5/rtl/omsp_gpio.v:375:omsp_sync_cell sync_cell_p2in_1 (.data_out(p2in[1]), .data_in(p2_din[1] & P2_EN[0]), .clk(mclk), .rst(puc_rst));
/home/cegrad/xhuan230/cs220/midterm-team-5/rtl/omsp_gpio.v:376:omsp_sync_cell sync_cell_p2in_2 (.data_out(p2in[2]), .data_in(p2_din[2] & P2_EN[0]), .clk(mclk), .rst(puc_rst));
/home/cegrad/xhuan230/cs220/midterm-team-5/rtl/omsp_gpio.v:377:omsp_sync_cell sync_cell_p2in_3 (.data_out(p2in[3]), .data_in(p2_din[3] & P2_EN[0]), .clk(mclk), .rst(puc_rst));
/home/cegrad/xhuan230/cs220/midterm-team-5/rtl/omsp_gpio.v:378:omsp_sync_cell sync_cell_p2in_4 (.data_out(p2in[4]), .data_in(p2_din[4] & P2_EN[0]), .clk(mclk), .rst(puc_rst));
/home/cegrad/xhuan230/cs220/midterm-team-5/rtl/omsp_gpio.v:379:omsp_sync_cell sync_cell_p2in_5 (.data_out(p2in[5]), .data_in(p2_din[5] & P2_EN[0]), .clk(mclk), .rst(puc_rst));
/home/cegrad/xhuan230/cs220/midterm-team-5/rtl/omsp_gpio.v:380:omsp_sync_cell sync_cell_p2in_6 (.data_out(p2in[6]), .data_in(p2_din[6] & P2_EN[0]), .clk(mclk), .rst(puc_rst));
/home/cegrad/xhuan230/cs220/midterm-team-5/rtl/omsp_gpio.v:381:omsp_sync_cell sync_cell_p2in_7 (.data_out(p2in[7]), .data_in(p2_din[7] & P2_EN[0]), .clk(mclk), .rst(puc_rst));
/home/cegrad/xhuan230/cs220/midterm-team-5/rtl/omsp_gpio.v:468:omsp_sync_cell sync_cell_p3in_0 (.data_out(p3in[0]), .data_in(p3_din[0] & P3_EN[0]), .clk(mclk), .rst(puc_rst));
/home/cegrad/xhuan230/cs220/midterm-team-5/rtl/omsp_gpio.v:469:omsp_sync_cell sync_cell_p3in_1 (.data_out(p3in[1]), .data_in(p3_din[1] & P3_EN[0]), .clk(mclk), .rst(puc_rst));
/home/cegrad/xhuan230/cs220/midterm-team-5/rtl/omsp_gpio.v:470:omsp_sync_cell sync_cell_p3in_2 (.data_out(p3in[2]), .data_in(p3_din[2] & P3_EN[0]), .clk(mclk), .rst(puc_rst));
/home/cegrad/xhuan230/cs220/midterm-team-5/rtl/omsp_gpio.v:471:omsp_sync_cell sync_cell_p3in_3 (.data_out(p3in[3]), .data_in(p3_din[3] & P3_EN[0]), .clk(mclk), .rst(puc_rst));
/home/cegrad/xhuan230/cs220/midterm-team-5/rtl/omsp_gpio.v:472:omsp_sync_cell sync_cell_p3in_4 (.data_out(p3in[4]), .data_in(p3_din[4] & P3_EN[0]), .clk(mclk), .rst(puc_rst));
/home/cegrad/xhuan230/cs220/midterm-team-5/rtl/omsp_gpio.v:473:omsp_sync_cell sync_cell_p3in_5 (.data_out(p3in[5]), .data_in(p3_din[5] & P3_EN[0]), .clk(mclk), .rst(puc_rst));
/home/cegrad/xhuan230/cs220/midterm-team-5/rtl/omsp_gpio.v:474:omsp_sync_cell sync_cell_p3in_6 (.data_out(p3in[6]), .data_in(p3_din[6] & P3_EN[0]), .clk(mclk), .rst(puc_rst));
/home/cegrad/xhuan230/cs220/midterm-team-5/rtl/omsp_gpio.v:475:omsp_sync_cell sync_cell_p3in_7 (.data_out(p3in[7]), .data_in(p3_din[7] & P3_EN[0]), .clk(mclk), .rst(puc_rst));
/home/cegrad/xhuan230/cs220/midterm-team-5/rtl/omsp_gpio.v:524:omsp_sync_cell sync_cell_p4in_0 (.data_out(p4in[0]), .data_in(p4_din[0] & P4_EN[0]), .clk(mclk), .rst(puc_rst));
/home/cegrad/xhuan230/cs220/midterm-team-5/rtl/omsp_gpio.v:525:omsp_sync_cell sync_cell_p4in_1 (.data_out(p4in[1]), .data_in(p4_din[1] & P4_EN[0]), .clk(mclk), .rst(puc_rst));
/home/cegrad/xhuan230/cs220/midterm-team-5/rtl/omsp_gpio.v:526:omsp_sync_cell sync_cell_p4in_2 (.data_out(p4in[2]), .data_in(p4_din[2] & P4_EN[0]), .clk(mclk), .rst(puc_rst));
/home/cegrad/xhuan230/cs220/midterm-team-5/rtl/omsp_gpio.v:527:omsp_sync_cell sync_cell_p4in_3 (.data_out(p4in[3]), .data_in(p4_din[3] & P4_EN[0]), .clk(mclk), .rst(puc_rst));
/home/cegrad/xhuan230/cs220/midterm-team-5/rtl/omsp_gpio.v:528:omsp_sync_cell sync_cell_p4in_4 (.data_out(p4in[4]), .data_in(p4_din[4] & P4_EN[0]), .clk(mclk), .rst(puc_rst));
/home/cegrad/xhuan230/cs220/midterm-team-5/rtl/omsp_gpio.v:529:omsp_sync_cell sync_cell_p4in_5 (.data_out(p4in[5]), .data_in(p4_din[5] & P4_EN[0]), .clk(mclk), .rst(puc_rst));
/home/cegrad/xhuan230/cs220/midterm-team-5/rtl/omsp_gpio.v:530:omsp_sync_cell sync_cell_p4in_6 (.data_out(p4in[6]), .data_in(p4_din[6] & P4_EN[0]), .clk(mclk), .rst(puc_rst));
/home/cegrad/xhuan230/cs220/midterm-team-5/rtl/omsp_gpio.v:531:omsp_sync_cell sync_cell_p4in_7 (.data_out(p4in[7]), .data_in(p4_din[7] & P4_EN[0]), .clk(mclk), .rst(puc_rst));
/home/cegrad/xhuan230/cs220/midterm-team-5/rtl/omsp_gpio.v:580:omsp_sync_cell sync_cell_p5in_0 (.data_out(p5in[0]), .data_in(p5_din[0] & P5_EN[0]), .clk(mclk), .rst(puc_rst));
/home/cegrad/xhuan230/cs220/midterm-team-5/rtl/omsp_gpio.v:581:omsp_sync_cell sync_cell_p5in_1 (.data_out(p5in[1]), .data_in(p5_din[1] & P5_EN[0]), .clk(mclk), .rst(puc_rst));
/home/cegrad/xhuan230/cs220/midterm-team-5/rtl/omsp_gpio.v:582:omsp_sync_cell sync_cell_p5in_2 (.data_out(p5in[2]), .data_in(p5_din[2] & P5_EN[0]), .clk(mclk), .rst(puc_rst));
/home/cegrad/xhuan230/cs220/midterm-team-5/rtl/omsp_gpio.v:583:omsp_sync_cell sync_cell_p5in_3 (.data_out(p5in[3]), .data_in(p5_din[3] & P5_EN[0]), .clk(mclk), .rst(puc_rst));
/home/cegrad/xhuan230/cs220/midterm-team-5/rtl/omsp_gpio.v:584:omsp_sync_cell sync_cell_p5in_4 (.data_out(p5in[4]), .data_in(p5_din[4] & P5_EN[0]), .clk(mclk), .rst(puc_rst));
/home/cegrad/xhuan230/cs220/midterm-team-5/rtl/omsp_gpio.v:585:omsp_sync_cell sync_cell_p5in_5 (.data_out(p5in[5]), .data_in(p5_din[5] & P5_EN[0]), .clk(mclk), .rst(puc_rst));
/home/cegrad/xhuan230/cs220/midterm-team-5/rtl/omsp_gpio.v:586:omsp_sync_cell sync_cell_p5in_6 (.data_out(p5in[6]), .data_in(p5_din[6] & P5_EN[0]), .clk(mclk), .rst(puc_rst));
/home/cegrad/xhuan230/cs220/midterm-team-5/rtl/omsp_gpio.v:587:omsp_sync_cell sync_cell_p5in_7 (.data_out(p5in[7]), .data_in(p5_din[7] & P5_EN[0]), .clk(mclk), .rst(puc_rst));
/home/cegrad/xhuan230/cs220/midterm-team-5/rtl/omsp_gpio.v:636:omsp_sync_cell sync_cell_p6in_0 (.data_out(p6in[0]), .data_in(p6_din[0] & P6_EN[0]), .clk(mclk), .rst(puc_rst));
/home/cegrad/xhuan230/cs220/midterm-team-5/rtl/omsp_gpio.v:637:omsp_sync_cell sync_cell_p6in_1 (.data_out(p6in[1]), .data_in(p6_din[1] & P6_EN[0]), .clk(mclk), .rst(puc_rst));
/home/cegrad/xhuan230/cs220/midterm-team-5/rtl/omsp_gpio.v:638:omsp_sync_cell sync_cell_p6in_2 (.data_out(p6in[2]), .data_in(p6_din[2] & P6_EN[0]), .clk(mclk), .rst(puc_rst));
/home/cegrad/xhuan230/cs220/midterm-team-5/rtl/omsp_gpio.v:639:omsp_sync_cell sync_cell_p6in_3 (.data_out(p6in[3]), .data_in(p6_din[3] & P6_EN[0]), .clk(mclk), .rst(puc_rst));
/home/cegrad/xhuan230/cs220/midterm-team-5/rtl/omsp_gpio.v:640:omsp_sync_cell sync_cell_p6in_4 (.data_out(p6in[4]), .data_in(p6_din[4] & P6_EN[0]), .clk(mclk), .rst(puc_rst));
/home/cegrad/xhuan230/cs220/midterm-team-5/rtl/omsp_gpio.v:641:omsp_sync_cell sync_cell_p6in_5 (.data_out(p6in[5]), .data_in(p6_din[5] & P6_EN[0]), .clk(mclk), .rst(puc_rst));
/home/cegrad/xhuan230/cs220/midterm-team-5/rtl/omsp_gpio.v:642:omsp_sync_cell sync_cell_p6in_6 (.data_out(p6in[6]), .data_in(p6_din[6] & P6_EN[0]), .clk(mclk), .rst(puc_rst));
/home/cegrad/xhuan230/cs220/midterm-team-5/rtl/omsp_gpio.v:643:omsp_sync_cell sync_cell_p6in_7 (.data_out(p6in[7]), .data_in(p6_din[7] & P6_EN[0]), .clk(mclk), .rst(puc_rst));
/home/cegrad/xhuan230/cs220/midterm-team-5/rtl/omsp_clock_module.v:440:      omsp_sync_cell sync_cell_dco_disable (
/home/cegrad/xhuan230/cs220/midterm-team-5/rtl/omsp_clock_module.v:496:   omsp_sync_cell sync_cell_dco_wkup (
/home/cegrad/xhuan230/cs220/midterm-team-5/rtl/omsp_clock_module.v:562:   omsp_sync_cell sync_cell_lfxt_disable (
/home/cegrad/xhuan230/cs220/midterm-team-5/rtl/omsp_clock_module.v:598:   omsp_sync_cell sync_cell_lfxt_wkup (
/home/cegrad/xhuan230/cs220/midterm-team-5/rtl/omsp_clock_module.v:623:omsp_sync_cell sync_cell_lfxt_clk (
/home/cegrad/xhuan230/cs220/midterm-team-5/rtl/omsp_clock_module.v:658:   omsp_sync_cell sync_cell_cpu_en (
/home/cegrad/xhuan230/cs220/midterm-team-5/rtl/omsp_clock_module.v:674:   omsp_sync_cell sync_cell_cpu_aux_en (
/home/cegrad/xhuan230/cs220/midterm-team-5/rtl/omsp_clock_module.v:690:     omsp_sync_cell sync_cell_cpu_sm_en (
/home/cegrad/xhuan230/cs220/midterm-team-5/rtl/omsp_clock_module.v:729:omsp_sync_cell sync_cell_mclk_dma_wkup (
/home/cegrad/xhuan230/cs220/midterm-team-5/rtl/omsp_clock_module.v:738:omsp_sync_cell sync_cell_mclk_wkup (
/home/cegrad/xhuan230/cs220/midterm-team-5/rtl/omsp_clock_module.v:829:   omsp_sync_cell sync_cell_puc_lfxt (
/home/cegrad/xhuan230/cs220/midterm-team-5/rtl/omsp_clock_module.v:845:       omsp_sync_cell sync_cell_oscoff (
/home/cegrad/xhuan230/cs220/midterm-team-5/rtl/omsp_clock_module.v:885:          omsp_sync_cell sync_cell_aclk_dma_wkup (
/home/cegrad/xhuan230/cs220/midterm-team-5/rtl/omsp_clock_module.v:998:     omsp_sync_cell sync_cell_puc_sm (
/home/cegrad/xhuan230/cs220/midterm-team-5/rtl/omsp_clock_module.v:1014:     omsp_sync_cell sync_cell_scg1 (
/home/cegrad/xhuan230/cs220/midterm-team-5/rtl/omsp_clock_module.v:1059:          omsp_sync_cell sync_cell_smclk_dma_wkup (
/home/cegrad/xhuan230/cs220/midterm-team-5/rtl/omsp_clock_module.v:1067:           omsp_sync_cell sync_cell_smclk_dma_wkup (
/home/cegrad/xhuan230/cs220/midterm-team-5/rtl/omsp_clock_module.v:1159:    omsp_sync_cell sync_cell_dbg_en (
/home/cegrad/xhuan230/cs220/midterm-team-5/rtl/omsp_clock_module.v:1219:omsp_sync_reset sync_reset_por (
/home/cegrad/xhuan230/cs220/midterm-team-5/rtl/omsp_clock_module.v:1293:omsp_sync_cell sync_cell_puc (
/home/cegrad/xhuan230/cs220/midterm-team-5/rtl/omsp_dbg_i2c.v:104:omsp_sync_cell sync_cell_i2c_scl (
/home/cegrad/xhuan230/cs220/midterm-team-5/rtl/omsp_dbg_i2c.v:113:omsp_sync_cell sync_cell_i2c_sda (
/home/cegrad/xhuan230/cs220/midterm-team-5/rtl/omsp_dbg_uart.v:102:    omsp_sync_cell sync_cell_uart_rxd (
/home/cegrad/xhuan230/cs220/midterm-team-5/rtl/omsp_sfr.v:326:   omsp_sync_cell sync_cell_nmi (
/home/cegrad/xhuan230/cs220/midterm-team-5/rtl/omsp_sync_cell.v:30:// *File Name: omsp_sync_cell.v
/home/cegrad/xhuan230/cs220/midterm-team-5/rtl/omsp_sync_cell.v:44:module  omsp_sync_cell (
/home/cegrad/xhuan230/cs220/midterm-team-5/rtl/omsp_sync_cell.v:79:endmodule // omsp_sync_cell
/home/cegrad/xhuan230/cs220/midterm-team-5/rtl/omsp_sync_reset.v:30:// *File Name: omsp_sync_reset.v
/home/cegrad/xhuan230/cs220/midterm-team-5/rtl/omsp_sync_reset.v:44:module  omsp_sync_reset (
/home/cegrad/xhuan230/cs220/midterm-team-5/rtl/omsp_sync_reset.v:77:endmodule // omsp_sync_reset
/home/cegrad/xhuan230/cs220/midterm-team-5/rtl/omsp_watchdog.v:265:omsp_sync_reset sync_reset_por (
/home/cegrad/xhuan230/cs220/midterm-team-5/rtl/omsp_watchdog.v:292:omsp_sync_cell sync_cell_wdtcnt_clr (
/home/cegrad/xhuan230/cs220/midterm-team-5/rtl/omsp_watchdog.v:313:omsp_sync_cell sync_cell_wdtcnt_incr (
/home/cegrad/xhuan230/cs220/midterm-team-5/rtl/omsp_watchdog.v:394:omsp_sync_cell sync_cell_wdt_evt (
/home/cegrad/xhuan230/cs220/midterm-team-5/rtl/periph/omsp_timerA.v:369:omsp_sync_cell sync_cell_taclk (
/home/cegrad/xhuan230/cs220/midterm-team-5/rtl/periph/omsp_timerA.v:376:omsp_sync_cell sync_cell_inclk (
/home/cegrad/xhuan230/cs220/midterm-team-5/rtl/periph/omsp_timerA.v:479:omsp_sync_cell sync_cell_cci0 (
/home/cegrad/xhuan230/cs220/midterm-team-5/rtl/periph/omsp_timerA.v:485:omsp_sync_cell sync_cell_cci1 (
/home/cegrad/xhuan230/cs220/midterm-team-5/rtl/periph/omsp_timerA.v:491:omsp_sync_cell sync_cell_cci2 (
/home/cegrad/xhuan230/cs220/midterm-team-5/rtl/periph/omsp_gpio.v:281:omsp_sync_cell sync_cell_p1in_0 (.data_out(p1in[0]), .data_in(p1_din[0] & P1_EN[0]), .clk(mclk), .rst(puc_rst));
/home/cegrad/xhuan230/cs220/midterm-team-5/rtl/periph/omsp_gpio.v:282:omsp_sync_cell sync_cell_p1in_1 (.data_out(p1in[1]), .data_in(p1_din[1] & P1_EN[0]), .clk(mclk), .rst(puc_rst));
/home/cegrad/xhuan230/cs220/midterm-team-5/rtl/periph/omsp_gpio.v:283:omsp_sync_cell sync_cell_p1in_2 (.data_out(p1in[2]), .data_in(p1_din[2] & P1_EN[0]), .clk(mclk), .rst(puc_rst));
/home/cegrad/xhuan230/cs220/midterm-team-5/rtl/periph/omsp_gpio.v:284:omsp_sync_cell sync_cell_p1in_3 (.data_out(p1in[3]), .data_in(p1_din[3] & P1_EN[0]), .clk(mclk), .rst(puc_rst));
/home/cegrad/xhuan230/cs220/midterm-team-5/rtl/periph/omsp_gpio.v:285:omsp_sync_cell sync_cell_p1in_4 (.data_out(p1in[4]), .data_in(p1_din[4] & P1_EN[0]), .clk(mclk), .rst(puc_rst));
/home/cegrad/xhuan230/cs220/midterm-team-5/rtl/periph/omsp_gpio.v:286:omsp_sync_cell sync_cell_p1in_5 (.data_out(p1in[5]), .data_in(p1_din[5] & P1_EN[0]), .clk(mclk), .rst(puc_rst));
/home/cegrad/xhuan230/cs220/midterm-team-5/rtl/periph/omsp_gpio.v:287:omsp_sync_cell sync_cell_p1in_6 (.data_out(p1in[6]), .data_in(p1_din[6] & P1_EN[0]), .clk(mclk), .rst(puc_rst));
/home/cegrad/xhuan230/cs220/midterm-team-5/rtl/periph/omsp_gpio.v:288:omsp_sync_cell sync_cell_p1in_7 (.data_out(p1in[7]), .data_in(p1_din[7] & P1_EN[0]), .clk(mclk), .rst(puc_rst));
/home/cegrad/xhuan230/cs220/midterm-team-5/rtl/periph/omsp_gpio.v:374:omsp_sync_cell sync_cell_p2in_0 (.data_out(p2in[0]), .data_in(p2_din[0] & P2_EN[0]), .clk(mclk), .rst(puc_rst));
/home/cegrad/xhuan230/cs220/midterm-team-5/rtl/periph/omsp_gpio.v:375:omsp_sync_cell sync_cell_p2in_1 (.data_out(p2in[1]), .data_in(p2_din[1] & P2_EN[0]), .clk(mclk), .rst(puc_rst));
/home/cegrad/xhuan230/cs220/midterm-team-5/rtl/periph/omsp_gpio.v:376:omsp_sync_cell sync_cell_p2in_2 (.data_out(p2in[2]), .data_in(p2_din[2] & P2_EN[0]), .clk(mclk), .rst(puc_rst));
/home/cegrad/xhuan230/cs220/midterm-team-5/rtl/periph/omsp_gpio.v:377:omsp_sync_cell sync_cell_p2in_3 (.data_out(p2in[3]), .data_in(p2_din[3] & P2_EN[0]), .clk(mclk), .rst(puc_rst));
/home/cegrad/xhuan230/cs220/midterm-team-5/rtl/periph/omsp_gpio.v:378:omsp_sync_cell sync_cell_p2in_4 (.data_out(p2in[4]), .data_in(p2_din[4] & P2_EN[0]), .clk(mclk), .rst(puc_rst));
/home/cegrad/xhuan230/cs220/midterm-team-5/rtl/periph/omsp_gpio.v:379:omsp_sync_cell sync_cell_p2in_5 (.data_out(p2in[5]), .data_in(p2_din[5] & P2_EN[0]), .clk(mclk), .rst(puc_rst));
/home/cegrad/xhuan230/cs220/midterm-team-5/rtl/periph/omsp_gpio.v:380:omsp_sync_cell sync_cell_p2in_6 (.data_out(p2in[6]), .data_in(p2_din[6] & P2_EN[0]), .clk(mclk), .rst(puc_rst));
/home/cegrad/xhuan230/cs220/midterm-team-5/rtl/periph/omsp_gpio.v:381:omsp_sync_cell sync_cell_p2in_7 (.data_out(p2in[7]), .data_in(p2_din[7] & P2_EN[0]), .clk(mclk), .rst(puc_rst));
/home/cegrad/xhuan230/cs220/midterm-team-5/rtl/periph/omsp_gpio.v:468:omsp_sync_cell sync_cell_p3in_0 (.data_out(p3in[0]), .data_in(p3_din[0] & P3_EN[0]), .clk(mclk), .rst(puc_rst));
/home/cegrad/xhuan230/cs220/midterm-team-5/rtl/periph/omsp_gpio.v:469:omsp_sync_cell sync_cell_p3in_1 (.data_out(p3in[1]), .data_in(p3_din[1] & P3_EN[0]), .clk(mclk), .rst(puc_rst));
/home/cegrad/xhuan230/cs220/midterm-team-5/rtl/periph/omsp_gpio.v:470:omsp_sync_cell sync_cell_p3in_2 (.data_out(p3in[2]), .data_in(p3_din[2] & P3_EN[0]), .clk(mclk), .rst(puc_rst));
/home/cegrad/xhuan230/cs220/midterm-team-5/rtl/periph/omsp_gpio.v:471:omsp_sync_cell sync_cell_p3in_3 (.data_out(p3in[3]), .data_in(p3_din[3] & P3_EN[0]), .clk(mclk), .rst(puc_rst));
/home/cegrad/xhuan230/cs220/midterm-team-5/rtl/periph/omsp_gpio.v:472:omsp_sync_cell sync_cell_p3in_4 (.data_out(p3in[4]), .data_in(p3_din[4] & P3_EN[0]), .clk(mclk), .rst(puc_rst));
/home/cegrad/xhuan230/cs220/midterm-team-5/rtl/periph/omsp_gpio.v:473:omsp_sync_cell sync_cell_p3in_5 (.data_out(p3in[5]), .data_in(p3_din[5] & P3_EN[0]), .clk(mclk), .rst(puc_rst));
/home/cegrad/xhuan230/cs220/midterm-team-5/rtl/periph/omsp_gpio.v:474:omsp_sync_cell sync_cell_p3in_6 (.data_out(p3in[6]), .data_in(p3_din[6] & P3_EN[0]), .clk(mclk), .rst(puc_rst));
/home/cegrad/xhuan230/cs220/midterm-team-5/rtl/periph/omsp_gpio.v:475:omsp_sync_cell sync_cell_p3in_7 (.data_out(p3in[7]), .data_in(p3_din[7] & P3_EN[0]), .clk(mclk), .rst(puc_rst));
/home/cegrad/xhuan230/cs220/midterm-team-5/rtl/periph/omsp_gpio.v:524:omsp_sync_cell sync_cell_p4in_0 (.data_out(p4in[0]), .data_in(p4_din[0] & P4_EN[0]), .clk(mclk), .rst(puc_rst));
/home/cegrad/xhuan230/cs220/midterm-team-5/rtl/periph/omsp_gpio.v:525:omsp_sync_cell sync_cell_p4in_1 (.data_out(p4in[1]), .data_in(p4_din[1] & P4_EN[0]), .clk(mclk), .rst(puc_rst));
/home/cegrad/xhuan230/cs220/midterm-team-5/rtl/periph/omsp_gpio.v:526:omsp_sync_cell sync_cell_p4in_2 (.data_out(p4in[2]), .data_in(p4_din[2] & P4_EN[0]), .clk(mclk), .rst(puc_rst));
/home/cegrad/xhuan230/cs220/midterm-team-5/rtl/periph/omsp_gpio.v:527:omsp_sync_cell sync_cell_p4in_3 (.data_out(p4in[3]), .data_in(p4_din[3] & P4_EN[0]), .clk(mclk), .rst(puc_rst));
/home/cegrad/xhuan230/cs220/midterm-team-5/rtl/periph/omsp_gpio.v:528:omsp_sync_cell sync_cell_p4in_4 (.data_out(p4in[4]), .data_in(p4_din[4] & P4_EN[0]), .clk(mclk), .rst(puc_rst));
/home/cegrad/xhuan230/cs220/midterm-team-5/rtl/periph/omsp_gpio.v:529:omsp_sync_cell sync_cell_p4in_5 (.data_out(p4in[5]), .data_in(p4_din[5] & P4_EN[0]), .clk(mclk), .rst(puc_rst));
/home/cegrad/xhuan230/cs220/midterm-team-5/rtl/periph/omsp_gpio.v:530:omsp_sync_cell sync_cell_p4in_6 (.data_out(p4in[6]), .data_in(p4_din[6] & P4_EN[0]), .clk(mclk), .rst(puc_rst));
/home/cegrad/xhuan230/cs220/midterm-team-5/rtl/periph/omsp_gpio.v:531:omsp_sync_cell sync_cell_p4in_7 (.data_out(p4in[7]), .data_in(p4_din[7] & P4_EN[0]), .clk(mclk), .rst(puc_rst));
/home/cegrad/xhuan230/cs220/midterm-team-5/rtl/periph/omsp_gpio.v:580:omsp_sync_cell sync_cell_p5in_0 (.data_out(p5in[0]), .data_in(p5_din[0] & P5_EN[0]), .clk(mclk), .rst(puc_rst));
/home/cegrad/xhuan230/cs220/midterm-team-5/rtl/periph/omsp_gpio.v:581:omsp_sync_cell sync_cell_p5in_1 (.data_out(p5in[1]), .data_in(p5_din[1] & P5_EN[0]), .clk(mclk), .rst(puc_rst));
/home/cegrad/xhuan230/cs220/midterm-team-5/rtl/periph/omsp_gpio.v:582:omsp_sync_cell sync_cell_p5in_2 (.data_out(p5in[2]), .data_in(p5_din[2] & P5_EN[0]), .clk(mclk), .rst(puc_rst));
/home/cegrad/xhuan230/cs220/midterm-team-5/rtl/periph/omsp_gpio.v:583:omsp_sync_cell sync_cell_p5in_3 (.data_out(p5in[3]), .data_in(p5_din[3] & P5_EN[0]), .clk(mclk), .rst(puc_rst));
/home/cegrad/xhuan230/cs220/midterm-team-5/rtl/periph/omsp_gpio.v:584:omsp_sync_cell sync_cell_p5in_4 (.data_out(p5in[4]), .data_in(p5_din[4] & P5_EN[0]), .clk(mclk), .rst(puc_rst));
/home/cegrad/xhuan230/cs220/midterm-team-5/rtl/periph/omsp_gpio.v:585:omsp_sync_cell sync_cell_p5in_5 (.data_out(p5in[5]), .data_in(p5_din[5] & P5_EN[0]), .clk(mclk), .rst(puc_rst));
/home/cegrad/xhuan230/cs220/midterm-team-5/rtl/periph/omsp_gpio.v:586:omsp_sync_cell sync_cell_p5in_6 (.data_out(p5in[6]), .data_in(p5_din[6] & P5_EN[0]), .clk(mclk), .rst(puc_rst));
/home/cegrad/xhuan230/cs220/midterm-team-5/rtl/periph/omsp_gpio.v:587:omsp_sync_cell sync_cell_p5in_7 (.data_out(p5in[7]), .data_in(p5_din[7] & P5_EN[0]), .clk(mclk), .rst(puc_rst));
/home/cegrad/xhuan230/cs220/midterm-team-5/rtl/periph/omsp_gpio.v:636:omsp_sync_cell sync_cell_p6in_0 (.data_out(p6in[0]), .data_in(p6_din[0] & P6_EN[0]), .clk(mclk), .rst(puc_rst));
/home/cegrad/xhuan230/cs220/midterm-team-5/rtl/periph/omsp_gpio.v:637:omsp_sync_cell sync_cell_p6in_1 (.data_out(p6in[1]), .data_in(p6_din[1] & P6_EN[0]), .clk(mclk), .rst(puc_rst));
/home/cegrad/xhuan230/cs220/midterm-team-5/rtl/periph/omsp_gpio.v:638:omsp_sync_cell sync_cell_p6in_2 (.data_out(p6in[2]), .data_in(p6_din[2] & P6_EN[0]), .clk(mclk), .rst(puc_rst));
/home/cegrad/xhuan230/cs220/midterm-team-5/rtl/periph/omsp_gpio.v:639:omsp_sync_cell sync_cell_p6in_3 (.data_out(p6in[3]), .data_in(p6_din[3] & P6_EN[0]), .clk(mclk), .rst(puc_rst));
/home/cegrad/xhuan230/cs220/midterm-team-5/rtl/periph/omsp_gpio.v:640:omsp_sync_cell sync_cell_p6in_4 (.data_out(p6in[4]), .data_in(p6_din[4] & P6_EN[0]), .clk(mclk), .rst(puc_rst));
/home/cegrad/xhuan230/cs220/midterm-team-5/rtl/periph/omsp_gpio.v:641:omsp_sync_cell sync_cell_p6in_5 (.data_out(p6in[5]), .data_in(p6_din[5] & P6_EN[0]), .clk(mclk), .rst(puc_rst));
/home/cegrad/xhuan230/cs220/midterm-team-5/rtl/periph/omsp_gpio.v:642:omsp_sync_cell sync_cell_p6in_6 (.data_out(p6in[6]), .data_in(p6_din[6] & P6_EN[0]), .clk(mclk), .rst(puc_rst));
/home/cegrad/xhuan230/cs220/midterm-team-5/rtl/periph/omsp_gpio.v:643:omsp_sync_cell sync_cell_p6in_7 (.data_out(p6in[7]), .data_in(p6_din[7] & P6_EN[0]), .clk(mclk), .rst(puc_rst));
