****************************************
Report : timing
	-path_type full
	-delay_type max
	-slack_lesser_than 0.0000
	-max_paths 5
	-sort_by slack
Design : openMSP430
Version: V-2023.12-SP5-4
Date   : Wed May  6 10:27:31 2026
****************************************


  Startpoint: frontend_0/e_state_reg[0]
               (rising edge-triggered flip-flop clocked by dco_clk)
  Endpoint: mem_backbone_0/per_dout_val_reg[9]
               (rising edge-triggered flip-flop clocked by dco_clk)
  Path Group: dco_clk
  Path Type: max

  Point                                                   Incr       Path
  ------------------------------------------------------------------------------
  clock dco_clk (rise edge)                             0.0000     0.0000
  clock network delay (ideal)                           0.0000     0.0000
  frontend_0/e_state_reg[0]/CLK (DFFARX2_LVT)           0.0000     0.0000 r
  frontend_0/e_state_reg[0]/QN (DFFARX2_LVT)            0.1580 *   0.1580 r
  U13242/Y (AND2X1_LVT)                                 0.0670 *   0.2250 r
  U9791/Y (INVX1_LVT)                                   0.0240 *   0.2490 f
  U12038/Y (OR3X2_LVT)                                  0.1010 *   0.3500 f
  U11768/Y (INVX2_LVT)                                  0.0330 *   0.3830 r
  U13674/Y (AND2X1_LVT)                                 0.0640 *   0.4470 r
  U13673/Y (INVX1_LVT)                                  0.0240 *   0.4710 f
  U11776/Y (NAND2X0_LVT)                                0.0600 *   0.5310 r
  U13467/Y (OR3X2_LVT)                                  0.1190 *   0.6500 r
  U13883/Y (INVX1_LVT)                                  0.0400 *   0.6900 f
  U11291/Y (AOI22X1_LVT)                                0.1000 *   0.7900 r
  U14658/Y (OA21X1_LVT)                                 0.0650 *   0.8550 r
  U13416/Y (INVX1_LVT)                                  0.0180 *   0.8730 f
  U13236/Y (OR3X1_LVT)                                  0.1050 *   0.9780 f
  U14890/Y (XNOR2X2_LVT)                                0.1060 *   1.0840 f
  U12950/Y (OR2X1_LVT)                                  0.0750 *   1.1590 f
  U13218/Y (AO22X1_LVT)                                 0.0920 *   1.2510 f
  U13510/Y (AND3X1_LVT)                                 0.0790 *   1.3300 f
  U13415/Y (AND2X1_LVT)                                 0.0740 *   1.4040 f
  U11169/Y (OR3X1_LVT)                                  0.0940 *   1.4980 f
  U15723/Y (OA21X1_LVT)                                 0.0960 *   1.5940 f
  U13874/Y (XNOR2X2_LVT)                                0.1220 *   1.7160 r
  U10324/Y (INVX0_RVT)                                  0.0360 *   1.7520 f
  U12071/Y (OR2X1_LVT)                                  0.0720 *   1.8240 f
  U13020/Y (NOR4X1_LVT)                                 0.1430 *   1.9670 r
  U13015/Y (AND2X1_LVT)                                 0.0550 *   2.0220 r
  U13476/Y (OR2X2_LVT)                                  0.0720 *   2.0940 r
  U11826/Y (MUX21X2_LVT)                                0.1140 *   2.2080 f
  U10402/Y (OR4X1_RVT)                                  0.3330 *   2.5410 f
  U13945/Y (OR3X1_LVT)                                  0.1010 *   2.6420 f
  U15813/Y (OR2X1_LVT)                                  0.0760 *   2.7180 f
  U15812/Y (OR2X1_RVT)                                  0.1070 *   2.8250 f
  U15387/Y (INVX1_RVT)                                  0.0440 *   2.8690 r
  U15388/Y (OR2X1_HVT)                                  0.4000 *   3.2690 r
  U15391/Y (OR3X1_LVT)                                  0.1330 *   3.4020 r
  U13988/Y (OR4X1_LVT)                                  0.1420 *   3.5440 r
  mem_backbone_0/per_dout_val_reg[9]/D (DFFARX1_LVT)    0.0000 *   3.5440 r
  data arrival time                                                3.5440

  clock dco_clk (rise edge)                             3.6000     3.6000
  clock network delay (ideal)                           0.0000     3.6000
  clock reconvergence pessimism                         0.0000     3.6000
  mem_backbone_0/per_dout_val_reg[9]/CLK (DFFARX1_LVT)             3.6000 r
  library setup time                                   -0.0590 *   3.5410
  data required time                                               3.5410
  ------------------------------------------------------------------------------
  data required time                                               3.5410
  data arrival time                                               -3.5440
  ------------------------------------------------------------------------------
  slack (VIOLATED)                                                -0.0030


1
